
================================================================================
TEST EXECUTION SUMMARY
================================================================================

ğŸ“ˆ OVERALL STATISTICS:
   Total Tests Run:     221
   âœ… Passed:           201 (91.0%)
   âŒ Failed:           1
   ğŸ’¥ Errors:           0
   â­ï¸  Skipped:          19
   â±ï¸  Execution Time:   6.44s

ğŸ“¦ RESULTS BY MODULE:

  âœ… test_api_integration
     Total: 18 | âœ… 0 | âŒ 0 | ğŸ’¥ 0 | â­ï¸  18 | â±ï¸  0.00s

  âœ… test_config_loader
     Total: 9 | âœ… 9 | âŒ 0 | ğŸ’¥ 0 | â­ï¸  0 | â±ï¸  0.02s

  âœ… test_data_manager
     Total: 18 | âœ… 18 | âŒ 0 | ğŸ’¥ 0 | â­ï¸  0 | â±ï¸  0.85s

  âœ… test_deployment_validation
     Total: 24 | âœ… 23 | âŒ 0 | ğŸ’¥ 0 | â­ï¸  1 | â±ï¸  0.44s

  âœ… test_monte_carlo
     Total: 35 | âœ… 35 | âŒ 0 | ğŸ’¥ 0 | â­ï¸  0 | â±ï¸  0.06s

  âœ… test_performance_analyzer
     Total: 17 | âœ… 17 | âŒ 0 | ğŸ’¥ 0 | â­ï¸  0 | â±ï¸  0.01s

  âŒ test_performance_regression
     Total: 9 | âœ… 8 | âŒ 1 | ğŸ’¥ 0 | â­ï¸  0 | â±ï¸  3.70s

  âœ… test_risk_manager
     Total: 28 | âœ… 28 | âŒ 0 | ğŸ’¥ 0 | â­ï¸  0 | â±ï¸  0.00s

  âœ… test_strategy_ensemble
     Total: 10 | âœ… 10 | âŒ 0 | ğŸ’¥ 0 | â­ï¸  0 | â±ï¸  0.01s

  âœ… test_ui_ux
     Total: 32 | âœ… 32 | âŒ 0 | ğŸ’¥ 0 | â­ï¸  0 | â±ï¸  1.33s

  âœ… test_walk_forward_optimizer
     Total: 21 | âœ… 21 | âŒ 0 | ğŸ’¥ 0 | â­ï¸  0 | â±ï¸  0.01s


================================================================================
DETAILED FAILURES AND ERRORS
================================================================================

âŒ FAILURES:

  Test: test_parallel_vs_serial_grid_search (test_performance_regression.TestPerformanceComparison.test_parallel_vs_serial_grid_search)
  ----------------------------------------------------------------------------
  Traceback (most recent call last):
  File "/home/user/StrategyBuilder/tests/test_performance_regression.py", line 332, in test_parallel_vs_serial_grid_search
    self.assertEqual(len(results), combinations)
AssertionError: 4 != 6



================================================================================
SKIPPED TESTS
================================================================================

  â­ï¸  test_api_documentation_accessible (test_api_integration.TestAPIIntegration.test_api_documentation_accessible)
     Reason: FastAPI not installed

  â­ï¸  test_backtest_endpoint_invalid_date_format (test_api_integration.TestAPIIntegration.test_backtest_endpoint_invalid_date_format)
     Reason: FastAPI not installed

  â­ï¸  test_backtest_endpoint_invalid_parameters (test_api_integration.TestAPIIntegration.test_backtest_endpoint_invalid_parameters)
     Reason: FastAPI not installed

  â­ï¸  test_backtest_endpoint_invalid_strategy (test_api_integration.TestAPIIntegration.test_backtest_endpoint_invalid_strategy)
     Reason: FastAPI not installed

  â­ï¸  test_backtest_endpoint_missing_required_fields (test_api_integration.TestAPIIntegration.test_backtest_endpoint_missing_required_fields)
     Reason: FastAPI not installed

  â­ï¸  test_backtest_endpoint_with_default_parameters (test_api_integration.TestAPIIntegration.test_backtest_endpoint_with_default_parameters)
     Reason: FastAPI not installed

  â­ï¸  test_backtest_endpoint_with_sma_strategy (test_api_integration.TestAPIIntegration.test_backtest_endpoint_with_sma_strategy)
     Reason: FastAPI not installed

  â­ï¸  test_backtest_endpoint_with_valid_request (test_api_integration.TestAPIIntegration.test_backtest_endpoint_with_valid_request)
     Reason: FastAPI not installed

  â­ï¸  test_backtest_response_includes_execution_time (test_api_integration.TestAPIIntegration.test_backtest_response_includes_execution_time)
     Reason: FastAPI not installed

  â­ï¸  test_backtest_results_contain_trades (test_api_integration.TestAPIIntegration.test_backtest_results_contain_trades)
     Reason: FastAPI not installed

  â­ï¸  test_config_endpoint (test_api_integration.TestAPIIntegration.test_config_endpoint)
     Reason: FastAPI not installed

  â­ï¸  test_health_check_endpoint (test_api_integration.TestAPIIntegration.test_health_check_endpoint)
     Reason: FastAPI not installed

  â­ï¸  test_multiple_concurrent_backtest_requests (test_api_integration.TestAPIIntegration.test_multiple_concurrent_backtest_requests)
     Reason: FastAPI not installed

  â­ï¸  test_root_endpoint (test_api_integration.TestAPIIntegration.test_root_endpoint)
     Reason: FastAPI not installed

  â­ï¸  test_strategies_endpoint (test_api_integration.TestAPIIntegration.test_strategies_endpoint)
     Reason: FastAPI not installed

  â­ï¸  test_strategies_endpoint_includes_bollinger_bands (test_api_integration.TestAPIIntegration.test_strategies_endpoint_includes_bollinger_bands)
     Reason: FastAPI not installed

  â­ï¸  test_backtest_validates_date_order (test_api_integration.TestAPIValidation.test_backtest_validates_date_order)
     Reason: FastAPI not installed

  â­ï¸  test_backtest_validates_ticker_format (test_api_integration.TestAPIValidation.test_backtest_validates_ticker_format)
     Reason: FastAPI not installed

  â­ï¸  test_pdf_report_generation (test_deployment_validation.TestReportGeneration.test_pdf_report_generation)
     Reason: reportlab not installed: reportlab is required for PDF generation. Install with: pip install reportlab


================================================================================
FINAL VERDICT
================================================================================

  âš ï¸  TESTS FAILED
  âŒ 1 test(s) need attention

  ğŸ”§ PLEASE FIX FAILING TESTS BEFORE RELEASE

================================================================================
